[debug] [2024-06-11T08:22:46.505Z] : 
[debug] [2024-06-11T08:22:46.507Z] : ----------------------------------------------------------------------
[debug] [2024-06-11T08:22:46.508Z] : Command:      C:\Program Files\nodejs\node.exe C:\Users\91950\AppData\Roaming\npm\node_modules\zcatalyst-cli\lib\bin\catalyst.js serve
[debug] [2024-06-11T08:22:46.508Z] : CLI Version:  1.17.5
[debug] [2024-06-11T08:22:46.509Z] : Platform:     win32
[debug] [2024-06-11T08:22:46.509Z] : Node Version: v20.14.0
[debug] [2024-06-11T08:22:46.510Z] : Time:         Tue Jun 11 2024 13:52:46 GMT+0530 (India Standard Time)
[debug] [2024-06-11T08:22:46.511Z] : ----------------------------------------------------------------------
[debug] [2024-06-11T08:22:46.511Z] : 
[debug] [2024-06-11T08:22:47.710Z] : > authorizing via signed-in user option
[debug] [2024-06-11T08:22:47.710Z] : > command requires scopes: ["ZohoCatalyst.projects.ALL","ZohoCatalyst.functions.ALL","ZohoCatalyst.functions.EXECUTE","ZohoCatalyst.webapp.ALL","ZohoCatalyst.pdfshot.execute"]
[debug] [2024-06-11T08:22:47.732Z] : >>>> HTTP REQUEST : GET https://api.catalyst.zoho.com/baas/v1/project/15205000000147040 

[debug] [2024-06-11T08:22:49.740Z] : <<<< HTTP RESPONSE : 200
Response Headers: {"server":"ZGS","date":"Tue, 11 Jun 2024 08:22:51 GMT","content-type":"application/vnd.catalyst.v2+json","transfer-encoding":"chunked","connection":"keep-alive","set-cookie":["46512fd555=63dd9cf89a6678b816d9580ec827ee61; Path=/","ZD_CSRF_TOKEN=fa0e2070-0723-44d4-8ab2-ca71551806ea;path=/;SameSite=None;Secure;priority=high","_zcsr_tmp=fa0e2070-0723-44d4-8ab2-ca71551806ea;path=/;SameSite=Strict;Secure;priority=high"],"x-content-type-options":"nosniff","x-xss-protection":"1","cache-control":"private,no-cache,no-store,max-age=0,must-revalidate","pragma":"no-cache","expires":"Thu, 01 Jan 1970 00:00:00 GMT","x-frame-options":"DENY","strict-transport-security":"max-age=63072000"}

[debug] [2024-06-11T08:22:49.747Z] : >>>> HTTP REQUEST : GET https://api.catalyst.zoho.com/baas/v1/project/15205000000147040/environment 

[debug] [2024-06-11T08:22:50.238Z] : <<<< HTTP RESPONSE : 200
Response Headers: {"server":"ZGS","date":"Tue, 11 Jun 2024 08:22:51 GMT","content-type":"application/vnd.catalyst.v2+json","transfer-encoding":"chunked","connection":"keep-alive","set-cookie":["46512fd555=04d9a2d1e2e86744f9516a3e9f805f56; Path=/","ZD_CSRF_TOKEN=25cdb9c1-1f1c-47c0-b4c0-2166a95e0732;path=/;SameSite=None;Secure;priority=high","_zcsr_tmp=25cdb9c1-1f1c-47c0-b4c0-2166a95e0732;path=/;SameSite=Strict;Secure;priority=high"],"x-content-type-options":"nosniff","x-xss-protection":"1","cache-control":"private,no-cache,no-store,max-age=0,must-revalidate","pragma":"no-cache","expires":"Thu, 01 Jan 1970 00:00:00 GMT","x-frame-options":"DENY","strict-transport-security":"max-age=63072000"}

[debug] [2024-06-11T08:22:50.849Z] : >>>> HTTP REQUEST : GET https://api.catalyst.zoho.com/baas/v1/project/15205000000147040/function 
Query params: {"type":"basicio,event,cron,applogic,integration,browser_logic"}

[debug] [2024-06-11T08:22:51.387Z] : <<<< HTTP RESPONSE : 200
Response Headers: {"server":"ZGS","date":"Tue, 11 Jun 2024 08:22:53 GMT","content-type":"application/vnd.catalyst.v2+json","transfer-encoding":"chunked","connection":"keep-alive","set-cookie":["46512fd555=00fd3a8cbff58bc9307e4ac5869875ce; Path=/","ZD_CSRF_TOKEN=12ec1420-015c-4bc1-a393-bee3714b2a8d;path=/;SameSite=None;Secure;priority=high","_zcsr_tmp=12ec1420-015c-4bc1-a393-bee3714b2a8d;path=/;SameSite=Strict;Secure;priority=high"],"x-content-type-options":"nosniff","x-xss-protection":"1","cache-control":"private,no-cache,no-store,max-age=0,must-revalidate","pragma":"no-cache","expires":"Thu, 01 Jan 1970 00:00:00 GMT","x-frame-options":"DENY","strict-transport-security":"max-age=63072000"}

[debug] [2024-06-11T08:22:51.391Z] : unknown eol undefined hence skipping check
[info] [2024-06-11T08:22:54.941Z] : [react-plugin]: Starting the development server...

[info] [2024-06-11T08:22:54.944Z] : 
[info] [2024-06-11T08:22:54.945Z] : i Client[react-app]: Plugin : "zcatalyst-cli-plugin-react" is used for client serve
[info] [2024-06-11T08:22:54.945Z] : 
[info] [2024-06-11T08:22:57.279Z] : 
[info] [2024-06-11T08:22:57.280Z] :  >>>>>>>>>>>>> AdvancedIO <<<<<<<<<<<< 
[info] [2024-06-11T08:22:57.281Z] : i waterheater_1_function: http://localhost:3000/server/waterheater_1_function/
[info] [2024-06-11T08:22:57.282Z] : 
[info] [2024-06-11T08:22:57.282Z] : 
[info] [2024-06-11T08:22:57.283Z] :  >>>>>>>>>>>>> Web Client <<<<<<<<<<<<
[info] [2024-06-11T08:22:57.283Z] : i client[react-app]: http://localhost:3000/app/
[info] [2024-06-11T08:22:57.284Z] : 
[info] [2024-06-11T08:23:04.102Z] : [react-plugin]: Compiled successfully!
[info] [2024-06-11T08:23:04.103Z] : [react-plugin]: 
[info] [2024-06-11T08:23:04.103Z] : [react-plugin]: You can now view react-app in the browser.
[info] [2024-06-11T08:23:04.103Z] : [react-plugin]: 
[info] [2024-06-11T08:23:04.103Z] : [react-plugin]:   Local:            http://localhost:3000/app/
[info] [2024-06-11T08:23:04.104Z] : [react-plugin]:   On Your Network:  http://192.168.148.235:3000/app/
[info] [2024-06-11T08:23:04.104Z] : [react-plugin]: 
[info] [2024-06-11T08:23:04.104Z] : [react-plugin]: Note that the development build is not optimized.
[info] [2024-06-11T08:23:04.104Z] : [react-plugin]: To create a production build, use npm run build.
[info] [2024-06-11T08:23:04.105Z] : [react-plugin]: 
[info] [2024-06-11T08:23:11.451Z] : Shutting down server
[info] [2024-06-11T08:23:11.477Z] : 
[info] [2024-06-11T08:23:11.478Z] : √ Shutdown complete
[debug] [2024-06-11T08:23:11.478Z] : NO ERRORS REGISTERED
[debug] [2024-06-11T08:23:11.479Z] : EXEC ENDED with event: serve, message: success
[debug] [2024-06-11T08:23:11.479Z] : TOTAL DURATION OF COMMAND EXEC : 23793
[debug] [2024-06-11T08:23:11.490Z] : >>>> HTTP REQUEST : POST https://api.catalyst.zoho.com/baas/v1/cli/logs 
<request body omitted>

[debug] [2024-06-11T08:23:13.980Z] : <<<< HTTP RESPONSE : 200
Response Headers: {"server":"ZGS","date":"Tue, 11 Jun 2024 08:23:15 GMT","content-length":"0","connection":"keep-alive","set-cookie":["46512fd555=63dd9cf89a6678b816d9580ec827ee61; Path=/","ZD_CSRF_TOKEN=74fd89c0-ec94-429f-b847-db13c7f07840;path=/;SameSite=None;Secure;priority=high","_zcsr_tmp=74fd89c0-ec94-429f-b847-db13c7f07840;path=/;SameSite=Strict;Secure;priority=high"],"x-content-type-options":"nosniff","x-xss-protection":"1","cache-control":"private,no-cache,no-store,max-age=0,must-revalidate","pragma":"no-cache","expires":"Thu, 01 Jan 1970 00:00:00 GMT","x-frame-options":"DENY","strict-transport-security":"max-age=63072000"}

